[2024-10-21 20:22:02,149: INFO: main: Welcome to custom log.]
[2024-10-24 13:58:02,664: INFO: common: yaml file: config\config.yaml loaded successfully]
[2024-10-24 13:58:02,667: INFO: common: yaml file: params.yaml loaded successfully]
[2024-10-24 13:58:02,670: INFO: common: created directory at: artifacts]
[2024-10-24 13:58:02,672: INFO: common: created directory at: artifacts/data_ingestion]
[2024-10-24 13:58:02,675: INFO: 986331348: Downloading data from https://drive.google.com/file/d/1Q0WzSl389ofCKy_AX0UjFnQwB73OW-xU/view?usp=drive_link into file artifacts/data_ingestion/data.zip]
[2024-10-24 13:58:40,284: INFO: 986331348: Downloaded data from https://drive.google.com/file/d/1Q0WzSl389ofCKy_AX0UjFnQwB73OW-xU/view?usp=drive_link into file artifacts/data_ingestion/data.zip]
[2024-10-24 18:24:46,823: INFO: main: >>>>>> stage Data Ingestion Stage started <<<<<<]
[2024-10-24 18:24:46,825: INFO: common: yaml file: config\config.yaml loaded successfully]
[2024-10-24 18:24:46,826: INFO: common: yaml file: params.yaml loaded successfully]
[2024-10-24 18:24:46,827: INFO: common: created directory at: artifacts]
[2024-10-24 18:24:46,827: INFO: common: created directory at: artifacts/data_ingestion]
[2024-10-24 18:24:46,828: INFO: data_ingestion: Downloading data from https://drive.google.com/file/d/1Q0WzSl389ofCKy_AX0UjFnQwB73OW-xU/view?usp=drive_link into file artifacts/data_ingestion/data.zip]
[2024-10-24 18:25:19,225: INFO: data_ingestion: Downloaded data from https://drive.google.com/file/d/1Q0WzSl389ofCKy_AX0UjFnQwB73OW-xU/view?usp=drive_link into file artifacts/data_ingestion/data.zip]
[2024-10-24 18:25:20,247: INFO: main: >>>>>> stage Data Ingestion Stage completed <<<<<<

x======x]
[2024-10-25 15:24:44,512: INFO: common: yaml file: config\config.yaml loaded successfully]
[2024-10-25 15:24:44,546: INFO: common: yaml file: params.yaml loaded successfully]
[2024-10-25 15:24:44,557: INFO: common: created directory at: artifacts]
[2024-10-25 17:56:44,765: INFO: common: yaml file: config\config.yaml loaded successfully]
[2024-10-25 17:56:44,771: INFO: common: yaml file: params.yaml loaded successfully]
[2024-10-25 17:56:44,773: INFO: common: created directory at: artifacts]
[2024-10-25 17:56:44,776: INFO: common: created directory at: artifacts/prepare_base_model]
[2024-10-25 17:57:02,663: WARNING: saving_utils: Compiled the loaded model, but the compiled metrics have yet to be built. `model.compile_metrics` will be empty until you train or evaluate the model.]
[2024-10-26 01:26:54,930: INFO: main: >>>>>> stage Data Ingestion Stage started <<<<<<]
[2024-10-26 01:26:54,933: INFO: common: yaml file: config\config.yaml loaded successfully]
[2024-10-26 01:26:54,951: INFO: common: yaml file: params.yaml loaded successfully]
[2024-10-26 01:26:54,952: INFO: common: created directory at: artifacts]
[2024-10-26 01:26:54,952: INFO: common: created directory at: artifacts/data_ingestion]
[2024-10-26 01:26:54,953: INFO: data_ingestion: Downloading data from https://drive.google.com/file/d/1Q0WzSl389ofCKy_AX0UjFnQwB73OW-xU/view?usp=drive_link into file artifacts/data_ingestion/data.zip]
[2024-10-26 01:27:31,884: INFO: data_ingestion: Downloaded data from https://drive.google.com/file/d/1Q0WzSl389ofCKy_AX0UjFnQwB73OW-xU/view?usp=drive_link into file artifacts/data_ingestion/data.zip]
[2024-10-26 01:27:34,853: INFO: main: >>>>>> stage Data Ingestion Stage completed <<<<<<

x======x]
[2024-10-26 01:29:03,196: INFO: main: >>>>>> stage Data Ingestion Stage started <<<<<<]
[2024-10-26 01:29:03,199: INFO: common: yaml file: config\config.yaml loaded successfully]
[2024-10-26 01:29:03,201: INFO: common: yaml file: params.yaml loaded successfully]
[2024-10-26 01:29:03,201: INFO: common: created directory at: artifacts]
[2024-10-26 01:29:03,201: INFO: common: created directory at: artifacts/data_ingestion]
[2024-10-26 01:29:03,202: INFO: data_ingestion: Downloading data from https://drive.google.com/file/d/1Q0WzSl389ofCKy_AX0UjFnQwB73OW-xU/view?usp=drive_link into file artifacts/data_ingestion/data.zip]
[2024-10-26 01:29:46,514: INFO: data_ingestion: Downloaded data from https://drive.google.com/file/d/1Q0WzSl389ofCKy_AX0UjFnQwB73OW-xU/view?usp=drive_link into file artifacts/data_ingestion/data.zip]
[2024-10-26 01:29:47,531: INFO: main: >>>>>> stage Data Ingestion Stage completed <<<<<<

x======x]
[2024-10-26 01:29:47,532: INFO: main: >>>>>> stage Prepare base model started <<<<<<]
[2024-10-26 01:29:47,535: INFO: common: yaml file: config\config.yaml loaded successfully]
[2024-10-26 01:29:47,538: INFO: common: yaml file: params.yaml loaded successfully]
[2024-10-26 01:29:47,539: INFO: common: created directory at: artifacts]
[2024-10-26 01:29:47,540: INFO: common: created directory at: artifacts/prepare_base_model]
[2024-10-26 01:29:48,066: WARNING: saving_utils: Compiled the loaded model, but the compiled metrics have yet to be built. `model.compile_metrics` will be empty until you train or evaluate the model.]
[2024-10-26 01:29:48,423: INFO: main: >>>>>> stage Prepare base model completed <<<<<<

x======x]
